[ 2019-09-02T09:05:10+08:00 ] / | INFO: Tag[ app_begin ] --START--
[ 2019-09-02T09:05:10+08:00 ] / | INFO: Run ReadHtmlCache Behavior [ RunTime:0.001526s ]
[ 2019-09-02T09:05:10+08:00 ] / | INFO: Tag[ app_begin ] --END-- [ RunTime:0.001876s ]
[ 2019-09-02T09:12:32+08:00 ] /index.php/xx | ERR: (ThinkException) 无法加载模块xx
[ 2019-09-02T09:12:45+08:00 ] /index.php/xx | ERR: (ThinkException) 无法加载模块xx
[ 2019-09-02T09:17:54+08:00 ] / | INFO: Tag[ app_begin ] --START--
[ 2019-09-02T09:17:54+08:00 ] / | INFO: Run ReadHtmlCache Behavior [ RunTime:0.001352s ]
[ 2019-09-02T09:17:54+08:00 ] / | INFO: Tag[ app_begin ] --END-- [ RunTime:0.001458s ]
[ 2019-09-02T09:20:34+08:00 ] /index.php/xx | ERR: (ThinkException) 无法加载模块Api
[ 2019-09-02T09:21:29+08:00 ] /index.php/xx | ERR: (ThinkException) 无法加载模块Api
[ 2019-09-02T09:22:00+08:00 ] /index.php | INFO: Tag[ app_begin ] --START--
[ 2019-09-02T09:22:00+08:00 ] /index.php | INFO: Run ReadHtmlCache Behavior [ RunTime:0.001801s ]
[ 2019-09-02T09:22:00+08:00 ] /index.php | INFO: Tag[ app_begin ] --END-- [ RunTime:0.002038s ]
[ 2019-09-02T09:22:04+08:00 ] /index.php/xx | INFO: Tag[ route_check ] --START--
[ 2019-09-02T09:22:04+08:00 ] /index.php/xx | INFO: Run CheckRoute Behavior [ RunTime:0.001374s ]
[ 2019-09-02T09:22:04+08:00 ] /index.php/xx | INFO: Tag[ route_check ] --END-- [ RunTime:0.001485s ]
[ 2019-09-02T09:22:04+08:00 ] /index.php/xx | INFO: Tag[ app_begin ] --START--
[ 2019-09-02T09:22:04+08:00 ] /index.php/xx | INFO: Run ReadHtmlCache Behavior [ RunTime:0.000707s ]
[ 2019-09-02T09:22:04+08:00 ] /index.php/xx | INFO: Tag[ app_begin ] --END-- [ RunTime:0.000774s ]
[ 2019-09-02T09:47:00+08:00 ] /index.php/xx | INFO: Tag[ route_check ] --START--
[ 2019-09-02T09:47:00+08:00 ] /index.php/xx | INFO: Run CheckRoute Behavior [ RunTime:0.001339s ]
[ 2019-09-02T09:47:00+08:00 ] /index.php/xx | INFO: Tag[ route_check ] --END-- [ RunTime:0.001441s ]
[ 2019-09-02T09:47:00+08:00 ] /index.php/xx | INFO: Tag[ app_begin ] --START--
[ 2019-09-02T09:47:00+08:00 ] /index.php/xx | INFO: Run ReadHtmlCache Behavior [ RunTime:0.000948s ]
[ 2019-09-02T09:47:00+08:00 ] /index.php/xx | INFO: Tag[ app_begin ] --END-- [ RunTime:0.000990s ]
[ 2019-09-02T09:47:07+08:00 ] /index.php/xx | INFO: Tag[ route_check ] --START--
[ 2019-09-02T09:47:07+08:00 ] /index.php/xx | INFO: Run CheckRoute Behavior [ RunTime:0.001793s ]
[ 2019-09-02T09:47:07+08:00 ] /index.php/xx | INFO: Tag[ route_check ] --END-- [ RunTime:0.001893s ]
[ 2019-09-02T09:47:07+08:00 ] /index.php/xx | INFO: Tag[ app_begin ] --START--
[ 2019-09-02T09:47:07+08:00 ] /index.php/xx | INFO: Run ReadHtmlCache Behavior [ RunTime:0.000946s ]
[ 2019-09-02T09:47:07+08:00 ] /index.php/xx | INFO: Tag[ app_begin ] --END-- [ RunTime:0.000994s ]
[ 2019-09-02T09:47:13+08:00 ] /index.php/xx | INFO: Tag[ route_check ] --START--
[ 2019-09-02T09:47:13+08:00 ] /index.php/xx | INFO: Run CheckRoute Behavior [ RunTime:0.000983s ]
[ 2019-09-02T09:47:13+08:00 ] /index.php/xx | INFO: Tag[ route_check ] --END-- [ RunTime:0.001090s ]
[ 2019-09-02T09:47:13+08:00 ] /index.php/xx | INFO: Tag[ app_begin ] --START--
[ 2019-09-02T09:47:13+08:00 ] /index.php/xx | INFO: Run ReadHtmlCache Behavior [ RunTime:0.000867s ]
[ 2019-09-02T09:47:13+08:00 ] /index.php/xx | INFO: Tag[ app_begin ] --END-- [ RunTime:0.000941s ]
[ 2019-09-02T09:47:13+08:00 ] /index.php/xx | INFO: Tag[ route_check ] --START--
[ 2019-09-02T09:47:13+08:00 ] /index.php/xx | INFO: Run CheckRoute Behavior [ RunTime:0.001131s ]
[ 2019-09-02T09:47:13+08:00 ] /index.php/xx | INFO: Tag[ route_check ] --END-- [ RunTime:0.001235s ]
[ 2019-09-02T09:47:13+08:00 ] /index.php/xx | INFO: Tag[ app_begin ] --START--
[ 2019-09-02T09:47:13+08:00 ] /index.php/xx | INFO: Run ReadHtmlCache Behavior [ RunTime:0.000663s ]
[ 2019-09-02T09:47:13+08:00 ] /index.php/xx | INFO: Tag[ app_begin ] --END-- [ RunTime:0.000720s ]
[ 2019-09-02T10:00:33+08:00 ] /index.php/xx | ERR: (ThinkException) 无法加载模块xx
[ 2019-09-02T10:01:19+08:00 ] /index.php/xx | ERR: (ThinkException) 无法加载模块xx
[ 2019-09-02T10:01:41+08:00 ] /index.php/xx | ERR: (ThinkException) 无法加载模块xx
[ 2019-09-02T10:01:44+08:00 ] /index.php/xx | ERR: (ThinkException) 无法加载模块xx
[ 2019-09-02T10:23:46+08:00 ] /index.php/xx | ERR: (ThinkException) 无法加载模块xx
[ 2019-09-02T10:23:53+08:00 ] /index.php/xx | ERR: (ThinkException) 无法加载模块xx
[ 2019-09-02T10:23:56+08:00 ] /index.php/xx | ERR: (ThinkException) 无法加载模块xx
[ 2019-09-02T10:26:09+08:00 ] /index.php/xx | ERR: (ThinkException) 无法加载模块xx
[ 2019-09-02T10:30:23+08:00 ] /index.php/xx | ERR: (ThinkException) 无法加载模块xx
[ 2019-09-02T10:30:23+08:00 ] /index.php/xx | ERR: (ThinkException) 无法加载模块xx
[ 2019-09-02T10:30:24+08:00 ] /index.php/xx | ERR: (ThinkException) 无法加载模块xx
[ 2019-09-02T10:30:24+08:00 ] /index.php/xx | ERR: (ThinkException) 无法加载模块xx
[ 2019-09-02T10:30:31+08:00 ] /index.php/xx | ERR: (ThinkException) 无法加载模块xx
[ 2019-09-02T10:33:12+08:00 ] /index.php/xx | ERR: (ThinkException) 无法加载模块xx
[ 2019-09-02T10:33:12+08:00 ] /index.php/xx | ERR: (ThinkException) 无法加载模块xx
[ 2019-09-02T10:33:13+08:00 ] /index.php/xx | ERR: (ThinkException) 无法加载模块xx
[ 2019-09-02T10:33:13+08:00 ] /index.php/xx | ERR: (ThinkException) 无法加载模块xx
[ 2019-09-02T10:33:49+08:00 ] /index.php/xx | ERR: (ThinkException) 无法加载模块xx
[ 2019-09-02T10:33:49+08:00 ] /index.php/xx | ERR: (ThinkException) 无法加载模块xx
[ 2019-09-02T10:33:49+08:00 ] /index.php/xx | ERR: (ThinkException) 无法加载模块xx
[ 2019-09-02T10:33:50+08:00 ] /index.php/xx | ERR: (ThinkException) 无法加载模块xx
[ 2019-09-02T10:34:18+08:00 ] /index.php/xx | ERR: (ThinkException) 无法加载模块xx
[ 2019-09-02T10:34:18+08:00 ] /index.php/xx | ERR: (ThinkException) 无法加载模块xx
[ 2019-09-02T10:34:18+08:00 ] /index.php/xx | ERR: (ThinkException) 无法加载模块xx
[ 2019-09-02T10:38:44+08:00 ] /index.php/xx | ERR: (ThinkException) 无法加载模块xx
[ 2019-09-02T10:38:45+08:00 ] /index.php/xx | ERR: (ThinkException) 无法加载模块xx
[ 2019-09-02T10:38:45+08:00 ] /index.php/xx | ERR: (ThinkException) 无法加载模块xx
[ 2019-09-02T10:38:50+08:00 ] /index.php/xx | ERR: (ThinkException) 无法加载模块xx
[ 2019-09-02T10:38:55+08:00 ] /index.php/xx | ERR: (ThinkException) 无法加载模块xx
[ 2019-09-02T10:38:59+08:00 ] /index.php/xx | ERR: (ThinkException) 无法加载模块xx
[ 2019-09-02T10:39:02+08:00 ] /index.php/xx | ERR: (ThinkException) 无法加载模块xx
[ 2019-09-02T10:39:05+08:00 ] /index.php/xx | ERR: (ThinkException) 无法加载模块xx
[ 2019-09-02T10:40:49+08:00 ] /index.php/xx | ERR: (ThinkException) 无法加载模块xx
[ 2019-09-02T10:41:51+08:00 ] /index.php/xx | INFO: Tag[ route_check ] --START--
[ 2019-09-02T10:41:51+08:00 ] /index.php/xx | INFO: Run CheckRoute Behavior [ RunTime:0.002018s ]
[ 2019-09-02T10:41:51+08:00 ] /index.php/xx | INFO: Tag[ route_check ] --END-- [ RunTime:0.002132s ]
[ 2019-09-02T10:41:51+08:00 ] /index.php/xx | INFO: Tag[ app_begin ] --START--
[ 2019-09-02T10:41:51+08:00 ] /index.php/xx | INFO: Run ReadHtmlCache Behavior [ RunTime:0.001382s ]
[ 2019-09-02T10:41:51+08:00 ] /index.php/xx | INFO: Tag[ app_begin ] --END-- [ RunTime:0.001448s ]
[ 2019-09-02T10:42:51+08:00 ] /index.php | INFO: Tag[ app_begin ] --START--
[ 2019-09-02T10:42:51+08:00 ] /index.php | INFO: Run ReadHtmlCache Behavior [ RunTime:0.001290s ]
[ 2019-09-02T10:42:51+08:00 ] /index.php | INFO: Tag[ app_begin ] --END-- [ RunTime:0.001397s ]
[ 2019-09-02T10:42:51+08:00 ] /index.php/xx | ERR: (ThinkException) 无法加载模块xx
[ 2019-09-02T10:43:11+08:00 ] /index.php/xx | INFO: Tag[ route_check ] --START--
[ 2019-09-02T10:43:11+08:00 ] /index.php/xx | INFO: Run CheckRoute Behavior [ RunTime:0.001725s ]
[ 2019-09-02T10:43:11+08:00 ] /index.php/xx | INFO: Tag[ route_check ] --END-- [ RunTime:0.001828s ]
[ 2019-09-02T10:43:11+08:00 ] /index.php/xx | INFO: Tag[ app_begin ] --START--
[ 2019-09-02T10:43:11+08:00 ] /index.php/xx | INFO: Run ReadHtmlCache Behavior [ RunTime:0.001251s ]
[ 2019-09-02T10:43:11+08:00 ] /index.php/xx | INFO: Tag[ app_begin ] --END-- [ RunTime:0.001309s ]
[ 2019-09-02T10:43:27+08:00 ] /index.php/xx | INFO: Tag[ route_check ] --START--
[ 2019-09-02T10:43:27+08:00 ] /index.php/xx | INFO: Run CheckRoute Behavior [ RunTime:0.001366s ]
[ 2019-09-02T10:43:27+08:00 ] /index.php/xx | INFO: Tag[ route_check ] --END-- [ RunTime:0.001478s ]
[ 2019-09-02T10:43:27+08:00 ] /index.php/xx | INFO: Tag[ app_begin ] --START--
[ 2019-09-02T10:43:27+08:00 ] /index.php/xx | INFO: Run ReadHtmlCache Behavior [ RunTime:0.000959s ]
[ 2019-09-02T10:43:27+08:00 ] /index.php/xx | INFO: Tag[ app_begin ] --END-- [ RunTime:0.001007s ]
[ 2019-09-02T10:43:27+08:00 ] /index.php/xx | INFO: Tag[ route_check ] --START--
[ 2019-09-02T10:43:27+08:00 ] /index.php/xx | INFO: Run CheckRoute Behavior [ RunTime:0.000879s ]
[ 2019-09-02T10:43:27+08:00 ] /index.php/xx | INFO: Tag[ route_check ] --END-- [ RunTime:0.000961s ]
[ 2019-09-02T10:43:27+08:00 ] /index.php/xx | INFO: Tag[ app_begin ] --START--
[ 2019-09-02T10:43:27+08:00 ] /index.php/xx | INFO: Run ReadHtmlCache Behavior [ RunTime:0.000476s ]
[ 2019-09-02T10:43:27+08:00 ] /index.php/xx | INFO: Tag[ app_begin ] --END-- [ RunTime:0.000518s ]
[ 2019-09-02T10:43:38+08:00 ] /index.php/xx | INFO: Tag[ route_check ] --START--
[ 2019-09-02T10:43:38+08:00 ] /index.php/xx | INFO: Run CheckRoute Behavior [ RunTime:0.000964s ]
[ 2019-09-02T10:43:38+08:00 ] /index.php/xx | INFO: Tag[ route_check ] --END-- [ RunTime:0.001048s ]
[ 2019-09-02T10:43:38+08:00 ] /index.php/xx | INFO: Tag[ app_begin ] --START--
[ 2019-09-02T10:43:38+08:00 ] /index.php/xx | INFO: Run ReadHtmlCache Behavior [ RunTime:0.000555s ]
[ 2019-09-02T10:43:38+08:00 ] /index.php/xx | INFO: Tag[ app_begin ] --END-- [ RunTime:0.000600s ]
[ 2019-09-02T10:44:11+08:00 ] /index.php/xx | INFO: Tag[ route_check ] --START--
[ 2019-09-02T10:44:11+08:00 ] /index.php/xx | INFO: Run CheckRoute Behavior [ RunTime:0.001592s ]
[ 2019-09-02T10:44:11+08:00 ] /index.php/xx | INFO: Tag[ route_check ] --END-- [ RunTime:0.001737s ]
[ 2019-09-02T10:44:11+08:00 ] /index.php/xx | INFO: Tag[ app_begin ] --START--
[ 2019-09-02T10:44:11+08:00 ] /index.php/xx | INFO: Run ReadHtmlCache Behavior [ RunTime:0.000883s ]
[ 2019-09-02T10:44:11+08:00 ] /index.php/xx | INFO: Tag[ app_begin ] --END-- [ RunTime:0.000986s ]
[ 2019-09-02T10:44:17+08:00 ] /index.php/xx | INFO: Tag[ route_check ] --START--
[ 2019-09-02T10:44:17+08:00 ] /index.php/xx | INFO: Run CheckRoute Behavior [ RunTime:0.000918s ]
[ 2019-09-02T10:44:17+08:00 ] /index.php/xx | INFO: Tag[ route_check ] --END-- [ RunTime:0.001000s ]
[ 2019-09-02T10:44:17+08:00 ] /index.php/xx | INFO: Tag[ app_begin ] --START--
[ 2019-09-02T10:44:17+08:00 ] /index.php/xx | INFO: Run ReadHtmlCache Behavior [ RunTime:0.000493s ]
[ 2019-09-02T10:44:17+08:00 ] /index.php/xx | INFO: Tag[ app_begin ] --END-- [ RunTime:0.000536s ]
[ 2019-09-02T10:44:48+08:00 ] /index.php/xx | INFO: Tag[ route_check ] --START--
[ 2019-09-02T10:44:48+08:00 ] /index.php/xx | INFO: Run CheckRoute Behavior [ RunTime:0.001271s ]
[ 2019-09-02T10:44:48+08:00 ] /index.php/xx | INFO: Tag[ route_check ] --END-- [ RunTime:0.001384s ]
[ 2019-09-02T10:44:48+08:00 ] /index.php/xx | INFO: Tag[ app_begin ] --START--
[ 2019-09-02T10:44:48+08:00 ] /index.php/xx | INFO: Run ReadHtmlCache Behavior [ RunTime:0.000897s ]
[ 2019-09-02T10:44:48+08:00 ] /index.php/xx | INFO: Tag[ app_begin ] --END-- [ RunTime:0.000964s ]
[ 2019-09-02T10:44:48+08:00 ] /index.php/xx | INFO: Tag[ route_check ] --START--
[ 2019-09-02T10:44:48+08:00 ] /index.php/xx | INFO: Run CheckRoute Behavior [ RunTime:0.000870s ]
[ 2019-09-02T10:44:48+08:00 ] /index.php/xx | INFO: Tag[ route_check ] --END-- [ RunTime:0.000950s ]
[ 2019-09-02T10:44:48+08:00 ] /index.php/xx | INFO: Tag[ app_begin ] --START--
[ 2019-09-02T10:44:48+08:00 ] /index.php/xx | INFO: Run ReadHtmlCache Behavior [ RunTime:0.000603s ]
[ 2019-09-02T10:44:48+08:00 ] /index.php/xx | INFO: Tag[ app_begin ] --END-- [ RunTime:0.000648s ]
[ 2019-09-02T10:44:49+08:00 ] /index.php/xx | INFO: Tag[ route_check ] --START--
[ 2019-09-02T10:44:49+08:00 ] /index.php/xx | INFO: Run CheckRoute Behavior [ RunTime:0.001612s ]
[ 2019-09-02T10:44:49+08:00 ] /index.php/xx | INFO: Tag[ route_check ] --END-- [ RunTime:0.001754s ]
[ 2019-09-02T10:44:49+08:00 ] /index.php/xx | INFO: Tag[ app_begin ] --START--
[ 2019-09-02T10:44:49+08:00 ] /index.php/xx | INFO: Run ReadHtmlCache Behavior [ RunTime:0.001005s ]
[ 2019-09-02T10:44:49+08:00 ] /index.php/xx | INFO: Tag[ app_begin ] --END-- [ RunTime:0.001084s ]
[ 2019-09-02T10:44:57+08:00 ] /index.php/xx | INFO: Tag[ route_check ] --START--
[ 2019-09-02T10:44:57+08:00 ] /index.php/xx | INFO: Run CheckRoute Behavior [ RunTime:0.000877s ]
[ 2019-09-02T10:44:57+08:00 ] /index.php/xx | INFO: Tag[ route_check ] --END-- [ RunTime:0.000956s ]
[ 2019-09-02T10:44:57+08:00 ] /index.php/xx | INFO: Tag[ app_begin ] --START--
[ 2019-09-02T10:44:57+08:00 ] /index.php/xx | INFO: Run ReadHtmlCache Behavior [ RunTime:0.000492s ]
[ 2019-09-02T10:44:57+08:00 ] /index.php/xx | INFO: Tag[ app_begin ] --END-- [ RunTime:0.000535s ]
[ 2019-09-02T10:44:57+08:00 ] /index.php/xx | INFO: Tag[ route_check ] --START--
[ 2019-09-02T10:44:57+08:00 ] /index.php/xx | INFO: Run CheckRoute Behavior [ RunTime:0.000998s ]
[ 2019-09-02T10:44:57+08:00 ] /index.php/xx | INFO: Tag[ route_check ] --END-- [ RunTime:0.001119s ]
[ 2019-09-02T10:44:57+08:00 ] /index.php/xx | INFO: Tag[ app_begin ] --START--
[ 2019-09-02T10:44:57+08:00 ] /index.php/xx | INFO: Run ReadHtmlCache Behavior [ RunTime:0.000568s ]
[ 2019-09-02T10:44:57+08:00 ] /index.php/xx | INFO: Tag[ app_begin ] --END-- [ RunTime:0.000625s ]
[ 2019-09-02T10:44:57+08:00 ] /index.php/xx | INFO: Tag[ route_check ] --START--
[ 2019-09-02T10:44:57+08:00 ] /index.php/xx | INFO: Run CheckRoute Behavior [ RunTime:0.001656s ]
[ 2019-09-02T10:44:57+08:00 ] /index.php/xx | INFO: Tag[ route_check ] --END-- [ RunTime:0.001803s ]
[ 2019-09-02T10:44:57+08:00 ] /index.php/xx | INFO: Tag[ app_begin ] --START--
[ 2019-09-02T10:44:57+08:00 ] /index.php/xx | INFO: Run ReadHtmlCache Behavior [ RunTime:0.001017s ]
[ 2019-09-02T10:44:57+08:00 ] /index.php/xx | INFO: Tag[ app_begin ] --END-- [ RunTime:0.001097s ]
[ 2019-09-02T10:45:08+08:00 ] /index.php/xx | INFO: Tag[ route_check ] --START--
[ 2019-09-02T10:45:08+08:00 ] /index.php/xx | INFO: Run CheckRoute Behavior [ RunTime:0.001359s ]
[ 2019-09-02T10:45:08+08:00 ] /index.php/xx | INFO: Tag[ route_check ] --END-- [ RunTime:0.001467s ]
[ 2019-09-02T10:45:08+08:00 ] /index.php/xx | INFO: Tag[ app_begin ] --START--
[ 2019-09-02T10:45:08+08:00 ] /index.php/xx | INFO: Run ReadHtmlCache Behavior [ RunTime:0.000966s ]
[ 2019-09-02T10:45:08+08:00 ] /index.php/xx | INFO: Tag[ app_begin ] --END-- [ RunTime:0.001012s ]
[ 2019-09-02T10:45:08+08:00 ] /index.php/xx | INFO: Tag[ route_check ] --START--
[ 2019-09-02T10:45:08+08:00 ] /index.php/xx | INFO: Run CheckRoute Behavior [ RunTime:0.001224s ]
[ 2019-09-02T10:45:08+08:00 ] /index.php/xx | INFO: Tag[ route_check ] --END-- [ RunTime:0.001440s ]
[ 2019-09-02T10:45:08+08:00 ] /index.php/xx | INFO: Tag[ app_begin ] --START--
[ 2019-09-02T10:45:08+08:00 ] /index.php/xx | INFO: Run ReadHtmlCache Behavior [ RunTime:0.000694s ]
[ 2019-09-02T10:45:08+08:00 ] /index.php/xx | INFO: Tag[ app_begin ] --END-- [ RunTime:0.000739s ]
[ 2019-09-02T10:45:08+08:00 ] /index.php/xx | INFO: Tag[ route_check ] --START--
[ 2019-09-02T10:45:08+08:00 ] /index.php/xx | INFO: Run CheckRoute Behavior [ RunTime:0.002123s ]
[ 2019-09-02T10:45:08+08:00 ] /index.php/xx | INFO: Tag[ route_check ] --END-- [ RunTime:0.002310s ]
[ 2019-09-02T10:45:08+08:00 ] /index.php/xx | INFO: Tag[ app_begin ] --START--
[ 2019-09-02T10:45:08+08:00 ] /index.php/xx | INFO: Run ReadHtmlCache Behavior [ RunTime:0.000488s ]
[ 2019-09-02T10:45:08+08:00 ] /index.php/xx | INFO: Tag[ app_begin ] --END-- [ RunTime:0.000531s ]
[ 2019-09-02T10:59:46+08:00 ] /index.php/xx | ERR: (ThinkException) 无法加载模块xx
[ 2019-09-02T11:00:00+08:00 ] /index.php/xx | ERR: (ThinkException) 无法加载模块xx
[ 2019-09-02T11:00:00+08:00 ] /index.php/xx | ERR: (ThinkException) 无法加载模块xx
[ 2019-09-02T11:00:00+08:00 ] /index.php/xx | ERR: (ThinkException) 无法加载模块xx
[ 2019-09-02T11:00:01+08:00 ] /index.php/xx | ERR: (ThinkException) 无法加载模块xx
[ 2019-09-02T11:00:08+08:00 ] /index.php/xx | ERR: (ThinkException) 无法加载模块xx
[ 2019-09-02T11:00:12+08:00 ] /index.php/xx | INFO: Tag[ route_check ] --START--
[ 2019-09-02T11:00:12+08:00 ] /index.php/xx | INFO: Run CheckRoute Behavior [ RunTime:0.001242s ]
[ 2019-09-02T11:00:12+08:00 ] /index.php/xx | INFO: Tag[ route_check ] --END-- [ RunTime:0.001376s ]
[ 2019-09-02T11:00:12+08:00 ] /index.php/xx | INFO: Tag[ app_begin ] --START--
[ 2019-09-02T11:00:12+08:00 ] /index.php/xx | INFO: Run ReadHtmlCache Behavior [ RunTime:0.000634s ]
[ 2019-09-02T11:00:12+08:00 ] /index.php/xx | INFO: Tag[ app_begin ] --END-- [ RunTime:0.000721s ]
[ 2019-09-02T11:01:05+08:00 ] /index.php/xx | ERR: (ThinkException) 无法加载模块xx
[ 2019-09-02T11:01:38+08:00 ] /index.php/xx.json | ERR: (ThinkException) 无法加载模块xx.json
[ 2019-09-02T11:01:48+08:00 ] /index.php/xx.json | ERR: (ThinkException) 无法加载模块xx.json
[ 2019-09-02T11:01:49+08:00 ] /index.php/xx.json | ERR: (ThinkException) 无法加载模块xx.json
[ 2019-09-02T11:01:49+08:00 ] /index.php/xx.json | ERR: (ThinkException) 无法加载模块xx.json
[ 2019-09-02T11:01:50+08:00 ] /index.php/xx.json | ERR: (ThinkException) 无法加载模块xx.json
[ 2019-09-02T11:01:50+08:00 ] /index.php/xx.json | ERR: (ThinkException) 无法加载模块xx.json
[ 2019-09-02T11:01:51+08:00 ] /index.php/xx.json | ERR: (ThinkException) 无法加载模块xx.json
[ 2019-09-02T11:01:51+08:00 ] /index.php/xx.json | ERR: (ThinkException) 无法加载模块xx.json
[ 2019-09-02T11:10:39+08:00 ] /index.php/xx | ERR: (ThinkException) 无法加载模块xx
[ 2019-09-02T11:11:11+08:00 ] /index.php/xx | ERR: (ThinkException) 无法加载模块xx
[ 2019-09-02T11:12:32+08:00 ] /index.php/xx | ERR: (ThinkException) 无法加载模块xx
[ 2019-09-02T11:12:37+08:00 ] /index.php/xx.json | ERR: (ThinkException) 无法加载模块xx.json
[ 2019-09-02T11:12:44+08:00 ] /index.php/xx | ERR: (ThinkException) 无法加载模块xx
[ 2019-09-02T11:12:55+08:00 ] /index.php/xx | ERR: (ThinkException) 无法加载模块xx
[ 2019-09-02T11:16:37+08:00 ] /index.php/api/xx | ERR: (ThinkException) 无法加载模块xx
[ 2019-09-02T11:16:41+08:00 ] /index.php/Api/xx | ERR: (ThinkException) 无法加载模块xx
[ 2019-09-02T11:16:46+08:00 ] /index.php/xx | ERR: (ThinkException) 无法加载模块xx
[ 2019-09-02T11:18:50+08:00 ] /index.php/xx.json | ERR: (ThinkException) 无法加载模块xx.json
[ 2019-09-02T11:19:11+08:00 ] /index.php/xx.json | ERR: (ThinkException) 无法加载模块xx.json
[ 2019-09-02T11:25:55+08:00 ] /index.php/xx.json | ERR: (ThinkException) 无法加载模块xx.json
[ 2019-09-02T11:25:56+08:00 ] /index.php/xx.json | ERR: (ThinkException) 无法加载模块xx.json
[ 2019-09-02T11:25:56+08:00 ] /index.php/xx.json | ERR: (ThinkException) 无法加载模块xx.json
[ 2019-09-02T11:26:01+08:00 ] /index.php/xx | ERR: (ThinkException) 无法加载模块xx
[ 2019-09-02T11:26:12+08:00 ] /index.php/xx | ERR: (ThinkException) 无法加载模块xx
[ 2019-09-02T11:26:12+08:00 ] /index.php/xx | ERR: (ThinkException) 无法加载模块xx
[ 2019-09-02T11:26:12+08:00 ] /index.php/xx | ERR: (ThinkException) 无法加载模块xx
[ 2019-09-02T11:26:16+08:00 ] /index.php/xx | ERR: (ThinkException) 无法加载模块xx
[ 2019-09-02T11:26:26+08:00 ] /index.php/api/xx | ERR: (ThinkException) 无法加载模块xx
[ 2019-09-02T11:26:33+08:00 ] /index.php/xx | ERR: (ThinkException) 无法加载模块xx
[ 2019-09-02T11:26:34+08:00 ] /index.php/xx | ERR: (ThinkException) 无法加载模块xx
[ 2019-09-02T11:28:14+08:00 ] /index.php/xx | ERR: (ThinkException) 无法加载模块xx
[ 2019-09-02T11:28:19+08:00 ] /index.php/xx | ERR: (ThinkException) 无法加载模块xx
[ 2019-09-02T11:28:25+08:00 ] /index.php/xx | ERR: (ThinkException) 无法加载模块xx
[ 2019-09-02T11:28:26+08:00 ] /index.php/xx | ERR: (ThinkException) 无法加载模块xx
[ 2019-09-02T11:28:26+08:00 ] /index.php/xx | ERR: (ThinkException) 无法加载模块xx
[ 2019-09-02T11:28:26+08:00 ] /index.php/xx | ERR: (ThinkException) 无法加载模块xx
[ 2019-09-02T11:28:26+08:00 ] /index.php/xx | ERR: (ThinkException) 无法加载模块xx
[ 2019-09-02T11:28:29+08:00 ] /index.php/xx | ERR: (ThinkException) 无法加载模块xx
[ 2019-09-02T11:29:31+08:00 ] /index.php/xx | ERR: (ThinkException) 无法加载模块xx
[ 2019-09-02T11:29:32+08:00 ] /index.php/xx | ERR: (ThinkException) 无法加载模块xx
[ 2019-09-02T11:29:33+08:00 ] /index.php/xx | ERR: (ThinkException) 无法加载模块xx
[ 2019-09-02T11:29:33+08:00 ] /index.php/xx | ERR: (ThinkException) 无法加载模块xx
[ 2019-09-02T11:30:13+08:00 ] /index.php/xx | ERR: (ThinkException) 无法加载模块xx
[ 2019-09-02T11:30:30+08:00 ] /index.php/xx | ERR: (ThinkException) 无法加载模块xx
[ 2019-09-02T11:31:01+08:00 ] /index.php/xx | INFO: Tag[ route_check ] --START--
[ 2019-09-02T11:31:01+08:00 ] /index.php/xx | INFO: Run CheckRoute Behavior [ RunTime:0.001426s ]
[ 2019-09-02T11:31:01+08:00 ] /index.php/xx | INFO: Tag[ route_check ] --END-- [ RunTime:0.001521s ]
[ 2019-09-02T11:31:01+08:00 ] /index.php/xx | INFO: Tag[ app_begin ] --START--
[ 2019-09-02T11:31:01+08:00 ] /index.php/xx | INFO: Run ReadHtmlCache Behavior [ RunTime:0.000954s ]
[ 2019-09-02T11:31:01+08:00 ] /index.php/xx | INFO: Tag[ app_begin ] --END-- [ RunTime:0.001000s ]
[ 2019-09-02T11:31:09+08:00 ] /index.php/xx | ERR: (ThinkException) 非法操作Indexs
[ 2019-09-02T11:31:15+08:00 ] /index.php/xx | INFO: Tag[ route_check ] --START--
[ 2019-09-02T11:31:15+08:00 ] /index.php/xx | INFO: Run CheckRoute Behavior [ RunTime:0.000904s ]
[ 2019-09-02T11:31:15+08:00 ] /index.php/xx | INFO: Tag[ route_check ] --END-- [ RunTime:0.000980s ]
[ 2019-09-02T11:31:15+08:00 ] /index.php/xx | INFO: Tag[ app_begin ] --START--
[ 2019-09-02T11:31:15+08:00 ] /index.php/xx | INFO: Run ReadHtmlCache Behavior [ RunTime:0.000505s ]
[ 2019-09-02T11:31:15+08:00 ] /index.php/xx | INFO: Tag[ app_begin ] --END-- [ RunTime:0.000548s ]
[ 2019-09-02T11:31:20+08:00 ] /index.php/xx | INFO: Tag[ route_check ] --START--
[ 2019-09-02T11:31:20+08:00 ] /index.php/xx | INFO: Run CheckRoute Behavior [ RunTime:0.000866s ]
[ 2019-09-02T11:31:20+08:00 ] /index.php/xx | INFO: Tag[ route_check ] --END-- [ RunTime:0.000989s ]
[ 2019-09-02T11:31:20+08:00 ] /index.php/xx | INFO: Tag[ app_begin ] --START--
[ 2019-09-02T11:31:20+08:00 ] /index.php/xx | INFO: Run ReadHtmlCache Behavior [ RunTime:0.000498s ]
[ 2019-09-02T11:31:20+08:00 ] /index.php/xx | INFO: Tag[ app_begin ] --END-- [ RunTime:0.000541s ]
[ 2019-09-02T11:31:20+08:00 ] /index.php/xx | INFO: Tag[ route_check ] --START--
[ 2019-09-02T11:31:20+08:00 ] /index.php/xx | INFO: Run CheckRoute Behavior [ RunTime:0.000964s ]
[ 2019-09-02T11:31:20+08:00 ] /index.php/xx | INFO: Tag[ route_check ] --END-- [ RunTime:0.001086s ]
[ 2019-09-02T11:31:20+08:00 ] /index.php/xx | INFO: Tag[ app_begin ] --START--
[ 2019-09-02T11:31:20+08:00 ] /index.php/xx | INFO: Run ReadHtmlCache Behavior [ RunTime:0.000519s ]
[ 2019-09-02T11:31:20+08:00 ] /index.php/xx | INFO: Tag[ app_begin ] --END-- [ RunTime:0.000560s ]
[ 2019-09-02T11:31:20+08:00 ] /index.php/xx | INFO: Tag[ route_check ] --START--
[ 2019-09-02T11:31:20+08:00 ] /index.php/xx | INFO: Run CheckRoute Behavior [ RunTime:0.000874s ]
[ 2019-09-02T11:31:20+08:00 ] /index.php/xx | INFO: Tag[ route_check ] --END-- [ RunTime:0.000961s ]
[ 2019-09-02T11:31:20+08:00 ] /index.php/xx | INFO: Tag[ app_begin ] --START--
[ 2019-09-02T11:31:20+08:00 ] /index.php/xx | INFO: Run ReadHtmlCache Behavior [ RunTime:0.000519s ]
[ 2019-09-02T11:31:20+08:00 ] /index.php/xx | INFO: Tag[ app_begin ] --END-- [ RunTime:0.000562s ]
[ 2019-09-02T11:31:28+08:00 ] /index.php/xx.json | ERR: (ThinkException) 无法加载模块xx.json
[ 2019-09-02T11:31:30+08:00 ] /index.php/api/xx | ERR: (ThinkException) 无法加载模块xx
[ 2019-09-02T11:31:30+08:00 ] /index.php/xx | INFO: Tag[ route_check ] --START--
[ 2019-09-02T11:31:30+08:00 ] /index.php/xx | INFO: Run CheckRoute Behavior [ RunTime:0.000951s ]
[ 2019-09-02T11:31:30+08:00 ] /index.php/xx | INFO: Tag[ route_check ] --END-- [ RunTime:0.001051s ]
[ 2019-09-02T11:31:30+08:00 ] /index.php/xx | INFO: Tag[ app_begin ] --START--
[ 2019-09-02T11:31:30+08:00 ] /index.php/xx | INFO: Run ReadHtmlCache Behavior [ RunTime:0.000500s ]
[ 2019-09-02T11:31:30+08:00 ] /index.php/xx | INFO: Tag[ app_begin ] --END-- [ RunTime:0.000543s ]
[ 2019-09-02T11:31:33+08:00 ] /index.php/xx | INFO: Tag[ route_check ] --START--
[ 2019-09-02T11:31:33+08:00 ] /index.php/xx | INFO: Run CheckRoute Behavior [ RunTime:0.000986s ]
[ 2019-09-02T11:31:33+08:00 ] /index.php/xx | INFO: Tag[ route_check ] --END-- [ RunTime:0.001069s ]
[ 2019-09-02T11:31:33+08:00 ] /index.php/xx | INFO: Tag[ app_begin ] --START--
[ 2019-09-02T11:31:33+08:00 ] /index.php/xx | INFO: Run ReadHtmlCache Behavior [ RunTime:0.000583s ]
[ 2019-09-02T11:31:33+08:00 ] /index.php/xx | INFO: Tag[ app_begin ] --END-- [ RunTime:0.000639s ]
[ 2019-09-02T11:31:39+08:00 ] /index.php/xx | INFO: Tag[ route_check ] --START--
[ 2019-09-02T11:31:39+08:00 ] /index.php/xx | INFO: Run CheckRoute Behavior [ RunTime:0.000985s ]
[ 2019-09-02T11:31:39+08:00 ] /index.php/xx | INFO: Tag[ route_check ] --END-- [ RunTime:0.001130s ]
[ 2019-09-02T11:31:39+08:00 ] /index.php/xx | INFO: Tag[ app_begin ] --START--
[ 2019-09-02T11:31:39+08:00 ] /index.php/xx | INFO: Run ReadHtmlCache Behavior [ RunTime:0.000521s ]
[ 2019-09-02T11:31:39+08:00 ] /index.php/xx | INFO: Tag[ app_begin ] --END-- [ RunTime:0.000565s ]
[ 2019-09-02T11:31:40+08:00 ] /index.php/xx | INFO: Tag[ route_check ] --START--
[ 2019-09-02T11:31:40+08:00 ] /index.php/xx | INFO: Run CheckRoute Behavior [ RunTime:0.001339s ]
[ 2019-09-02T11:31:40+08:00 ] /index.php/xx | INFO: Tag[ route_check ] --END-- [ RunTime:0.001451s ]
[ 2019-09-02T11:31:40+08:00 ] /index.php/xx | INFO: Tag[ app_begin ] --START--
[ 2019-09-02T11:31:40+08:00 ] /index.php/xx | INFO: Run ReadHtmlCache Behavior [ RunTime:0.000578s ]
[ 2019-09-02T11:31:40+08:00 ] /index.php/xx | INFO: Tag[ app_begin ] --END-- [ RunTime:0.000624s ]
[ 2019-09-02T11:31:43+08:00 ] /index.php/xx | INFO: Tag[ route_check ] --START--
[ 2019-09-02T11:31:43+08:00 ] /index.php/xx | INFO: Run CheckRoute Behavior [ RunTime:0.000874s ]
[ 2019-09-02T11:31:43+08:00 ] /index.php/xx | INFO: Tag[ route_check ] --END-- [ RunTime:0.000965s ]
[ 2019-09-02T11:31:43+08:00 ] /index.php/xx | INFO: Tag[ app_begin ] --START--
[ 2019-09-02T11:31:43+08:00 ] /index.php/xx | INFO: Run ReadHtmlCache Behavior [ RunTime:0.000499s ]
[ 2019-09-02T11:31:43+08:00 ] /index.php/xx | INFO: Tag[ app_begin ] --END-- [ RunTime:0.000542s ]
[ 2019-09-02T11:31:44+08:00 ] /index.php/xx | INFO: Tag[ route_check ] --START--
[ 2019-09-02T11:31:44+08:00 ] /index.php/xx | INFO: Run CheckRoute Behavior [ RunTime:0.000962s ]
[ 2019-09-02T11:31:44+08:00 ] /index.php/xx | INFO: Tag[ route_check ] --END-- [ RunTime:0.001046s ]
[ 2019-09-02T11:31:44+08:00 ] /index.php/xx | INFO: Tag[ app_begin ] --START--
[ 2019-09-02T11:31:44+08:00 ] /index.php/xx | INFO: Run ReadHtmlCache Behavior [ RunTime:0.000696s ]
[ 2019-09-02T11:31:44+08:00 ] /index.php/xx | INFO: Tag[ app_begin ] --END-- [ RunTime:0.000775s ]
[ 2019-09-02T11:31:50+08:00 ] /index.php/xx | INFO: Tag[ route_check ] --START--
[ 2019-09-02T11:31:50+08:00 ] /index.php/xx | INFO: Run CheckRoute Behavior [ RunTime:0.000966s ]
[ 2019-09-02T11:31:50+08:00 ] /index.php/xx | INFO: Tag[ route_check ] --END-- [ RunTime:0.001067s ]
[ 2019-09-02T11:31:50+08:00 ] /index.php/xx | INFO: Tag[ app_begin ] --START--
[ 2019-09-02T11:31:50+08:00 ] /index.php/xx | INFO: Run ReadHtmlCache Behavior [ RunTime:0.000675s ]
[ 2019-09-02T11:31:50+08:00 ] /index.php/xx | INFO: Tag[ app_begin ] --END-- [ RunTime:0.000745s ]
[ 2019-09-02T11:33:45+08:00 ] /index.php/xx | ERR: (ThinkException) 无法加载模块xx
[ 2019-09-02T11:34:25+08:00 ] /index.php/xx.json | ERR: (ThinkException) 无法加载模块xx.json
[ 2019-09-02T11:34:29+08:00 ] /index.php/xx | ERR: (ThinkException) 无法加载模块xx
[ 2019-09-02T11:44:58+08:00 ] /index.php/xx.xml | ERR: (ThinkException) 无法加载模块xx.xml
[ 2019-09-02T11:45:12+08:00 ] /index.php/xx.xml | ERR: (ThinkException) 无法加载模块xx.xml
[ 2019-09-02T11:45:17+08:00 ] /index.php/xx.xml | ERR: (ThinkException) 无法加载模块xx.xml
[ 2019-09-02T11:45:18+08:00 ] /index.php/xx.xml | ERR: (ThinkException) 无法加载模块xx.xml
[ 2019-09-02T11:45:18+08:00 ] /index.php/xx.xml | ERR: (ThinkException) 无法加载模块xx.xml
[ 2019-09-02T11:47:49+08:00 ] /index.php/xx.xml | ERR: (ThinkException) 无法加载模块xx.xml
[ 2019-09-02T11:47:54+08:00 ] /index.php/xx.json | ERR: (ThinkException) 无法加载模块xx.json
[ 2019-09-02T11:48:00+08:00 ] /index.php/xx.json | ERR: (ThinkException) 无法加载模块xx.json
[ 2019-09-02T11:48:07+08:00 ] /index.php/xx.json | ERR: (ThinkException) 无法加载模块xx.json
[ 2019-09-02T11:48:08+08:00 ] /index.php/xx.json | ERR: (ThinkException) 无法加载模块xx.json
[ 2019-09-02T11:48:09+08:00 ] /index.php/xx.json | ERR: (ThinkException) 无法加载模块xx.json
[ 2019-09-02T11:48:09+08:00 ] /index.php/xx.json | ERR: (ThinkException) 无法加载模块xx.json
[ 2019-09-02T11:48:09+08:00 ] /index.php/xx.json | ERR: (ThinkException) 无法加载模块xx.json
[ 2019-09-02T11:48:09+08:00 ] /index.php/xx.json | ERR: (ThinkException) 无法加载模块xx.json
[ 2019-09-02T11:52:02+08:00 ] /index.php/xx.json | ERR: (ThinkException) 无法加载模块xx.json
[ 2019-09-02T11:52:07+08:00 ] /index.php/xx | INFO: Tag[ route_check ] --START--
[ 2019-09-02T11:52:07+08:00 ] /index.php/xx | INFO: Run CheckRoute Behavior [ RunTime:0.000876s ]
[ 2019-09-02T11:52:07+08:00 ] /index.php/xx | INFO: Tag[ route_check ] --END-- [ RunTime:0.000956s ]
[ 2019-09-02T11:52:07+08:00 ] /index.php/xx | INFO: Tag[ app_begin ] --START--
[ 2019-09-02T11:52:07+08:00 ] /index.php/xx | INFO: Run ReadHtmlCache Behavior [ RunTime:0.000768s ]
[ 2019-09-02T11:52:07+08:00 ] /index.php/xx | INFO: Tag[ app_begin ] --END-- [ RunTime:0.000860s ]
[ 2019-09-02T12:00:31+08:00 ] /index.php/xx | NOTIC: [2] Missing argument 1 for Route::__construct(), called in C:\phpStudy\PHPTutorial\WWW\vue_activity\ThinkPHP\Extend\Vendor\Route\Route.php on line 120 and defined Route.php 第 128 行.
[ 2019-09-02T12:00:31+08:00 ] /index.php/xx | NOTIC: [8] Undefined variable: request Route.php 第 130 行.
[ 2019-09-02T12:00:31+08:00 ] /index.php/xx | INFO: Tag[ route_check ] --START--
[ 2019-09-02T12:00:31+08:00 ] /index.php/xx | INFO: Run CheckRoute Behavior [ RunTime:0.001310s ]
[ 2019-09-02T12:00:31+08:00 ] /index.php/xx | INFO: Tag[ route_check ] --END-- [ RunTime:0.001361s ]
[ 2019-09-02T12:00:31+08:00 ] /index.php/xx | INFO: Tag[ app_begin ] --START--
[ 2019-09-02T12:00:31+08:00 ] /index.php/xx | INFO: Run ReadHtmlCache Behavior [ RunTime:0.000979s ]
[ 2019-09-02T12:00:31+08:00 ] /index.php/xx | INFO: Tag[ app_begin ] --END-- [ RunTime:0.001026s ]
[ 2019-09-02T12:00:46+08:00 ] /index.php/xx | NOTIC: [2] Missing argument 1 for Route::__construct(), called in C:\phpStudy\PHPTutorial\WWW\vue_activity\ThinkPHP\Extend\Vendor\Route\Route.php on line 120 and defined Route.php 第 128 行.
[ 2019-09-02T12:00:46+08:00 ] /index.php/xx | NOTIC: [8] Undefined variable: request Route.php 第 130 行.
[ 2019-09-02T12:00:46+08:00 ] /index.php/xx | INFO: Tag[ route_check ] --START--
[ 2019-09-02T12:00:46+08:00 ] /index.php/xx | INFO: Run CheckRoute Behavior [ RunTime:0.001074s ]
[ 2019-09-02T12:00:46+08:00 ] /index.php/xx | INFO: Tag[ route_check ] --END-- [ RunTime:0.001144s ]
[ 2019-09-02T12:00:46+08:00 ] /index.php/xx | INFO: Tag[ app_begin ] --START--
[ 2019-09-02T12:00:46+08:00 ] /index.php/xx | INFO: Run ReadHtmlCache Behavior [ RunTime:0.000570s ]
[ 2019-09-02T12:00:46+08:00 ] /index.php/xx | INFO: Tag[ app_begin ] --END-- [ RunTime:0.000624s ]
[ 2019-09-02T13:32:38+08:00 ] /index.php/xx | INFO: Tag[ route_check ] --START--
[ 2019-09-02T13:32:38+08:00 ] /index.php/xx | INFO: Run CheckRoute Behavior [ RunTime:0.001445s ]
[ 2019-09-02T13:32:38+08:00 ] /index.php/xx | INFO: Tag[ route_check ] --END-- [ RunTime:0.001557s ]
[ 2019-09-02T13:32:38+08:00 ] /index.php/xx | INFO: Tag[ app_begin ] --START--
[ 2019-09-02T13:32:38+08:00 ] /index.php/xx | INFO: Run ReadHtmlCache Behavior [ RunTime:0.001033s ]
[ 2019-09-02T13:32:38+08:00 ] /index.php/xx | INFO: Tag[ app_begin ] --END-- [ RunTime:0.001085s ]
[ 2019-09-02T14:40:36+08:00 ] /index.php/xx?ss=1&cc=3 | INFO: Tag[ route_check ] --START--
[ 2019-09-02T14:40:36+08:00 ] /index.php/xx?ss=1&cc=3 | INFO: Run CheckRoute Behavior [ RunTime:0.001330s ]
[ 2019-09-02T14:40:36+08:00 ] /index.php/xx?ss=1&cc=3 | INFO: Tag[ route_check ] --END-- [ RunTime:0.001419s ]
[ 2019-09-02T14:40:36+08:00 ] /index.php/xx?ss=1&cc=3 | INFO: Tag[ app_begin ] --START--
[ 2019-09-02T14:40:36+08:00 ] /index.php/xx?ss=1&cc=3 | INFO: Run ReadHtmlCache Behavior [ RunTime:0.000942s ]
[ 2019-09-02T14:40:36+08:00 ] /index.php/xx?ss=1&cc=3 | INFO: Tag[ app_begin ] --END-- [ RunTime:0.000985s ]
[ 2019-09-02T14:45:17+08:00 ] /index.php/xx | INFO: Tag[ route_check ] --START--
[ 2019-09-02T14:45:17+08:00 ] /index.php/xx | INFO: Run CheckRoute Behavior [ RunTime:0.001394s ]
[ 2019-09-02T14:45:17+08:00 ] /index.php/xx | INFO: Tag[ route_check ] --END-- [ RunTime:0.001501s ]
[ 2019-09-02T14:45:17+08:00 ] /index.php/xx | INFO: Tag[ app_begin ] --START--
[ 2019-09-02T14:45:17+08:00 ] /index.php/xx | INFO: Run ReadHtmlCache Behavior [ RunTime:0.000986s ]
[ 2019-09-02T14:45:17+08:00 ] /index.php/xx | INFO: Tag[ app_begin ] --END-- [ RunTime:0.001030s ]
[ 2019-09-02T15:05:08+08:00 ] /index.php/xx | INFO: Tag[ route_check ] --START--
[ 2019-09-02T15:05:08+08:00 ] /index.php/xx | INFO: Run CheckRoute Behavior [ RunTime:0.001720s ]
[ 2019-09-02T15:05:08+08:00 ] /index.php/xx | INFO: Tag[ route_check ] --END-- [ RunTime:0.001894s ]
[ 2019-09-02T15:05:08+08:00 ] /index.php/xx | INFO: Tag[ app_begin ] --START--
[ 2019-09-02T15:05:08+08:00 ] /index.php/xx | INFO: Run ReadHtmlCache Behavior [ RunTime:0.001260s ]
[ 2019-09-02T15:05:08+08:00 ] /index.php/xx | INFO: Tag[ app_begin ] --END-- [ RunTime:0.001357s ]
[ 2019-09-02T15:26:00+08:00 ] /index.php/xx | INFO: Tag[ route_check ] --START--
[ 2019-09-02T15:26:00+08:00 ] /index.php/xx | INFO: Run CheckRoute Behavior [ RunTime:0.001343s ]
[ 2019-09-02T15:26:00+08:00 ] /index.php/xx | INFO: Tag[ route_check ] --END-- [ RunTime:0.001474s ]
[ 2019-09-02T15:26:00+08:00 ] /index.php/xx | INFO: Tag[ app_begin ] --START--
[ 2019-09-02T15:26:00+08:00 ] /index.php/xx | INFO: Run ReadHtmlCache Behavior [ RunTime:0.000953s ]
[ 2019-09-02T15:26:00+08:00 ] /index.php/xx | INFO: Tag[ app_begin ] --END-- [ RunTime:0.000998s ]
[ 2019-09-02T15:26:20+08:00 ] /index.php/xx | INFO: Tag[ route_check ] --START--
[ 2019-09-02T15:26:20+08:00 ] /index.php/xx | INFO: Run CheckRoute Behavior [ RunTime:0.000874s ]
[ 2019-09-02T15:26:20+08:00 ] /index.php/xx | INFO: Tag[ route_check ] --END-- [ RunTime:0.000963s ]
[ 2019-09-02T15:26:20+08:00 ] /index.php/xx | INFO: Tag[ app_begin ] --START--
[ 2019-09-02T15:26:20+08:00 ] /index.php/xx | INFO: Run ReadHtmlCache Behavior [ RunTime:0.000493s ]
[ 2019-09-02T15:26:20+08:00 ] /index.php/xx | INFO: Tag[ app_begin ] --END-- [ RunTime:0.000537s ]
[ 2019-09-02T15:31:43+08:00 ] /index.php/xx | INFO: Tag[ route_check ] --START--
[ 2019-09-02T15:31:43+08:00 ] /index.php/xx | INFO: Run CheckRoute Behavior [ RunTime:0.001401s ]
[ 2019-09-02T15:31:43+08:00 ] /index.php/xx | INFO: Tag[ route_check ] --END-- [ RunTime:0.001496s ]
[ 2019-09-02T15:31:43+08:00 ] /index.php/xx | INFO: Tag[ app_begin ] --START--
[ 2019-09-02T15:31:43+08:00 ] /index.php/xx | INFO: Run ReadHtmlCache Behavior [ RunTime:0.001429s ]
[ 2019-09-02T15:31:43+08:00 ] /index.php/xx | INFO: Tag[ app_begin ] --END-- [ RunTime:0.001525s ]
[ 2019-09-02T16:40:40+08:00 ] /index.php/get-token | INFO: Tag[ route_check ] --START--
[ 2019-09-02T16:40:40+08:00 ] /index.php/get-token | INFO: Run CheckRoute Behavior [ RunTime:0.002370s ]
[ 2019-09-02T16:40:40+08:00 ] /index.php/get-token | INFO: Tag[ route_check ] --END-- [ RunTime:0.003548s ]
[ 2019-09-02T16:40:40+08:00 ] /index.php/get-token | INFO: Tag[ app_begin ] --START--
[ 2019-09-02T16:40:40+08:00 ] /index.php/get-token | INFO: Run ReadHtmlCache Behavior [ RunTime:0.001526s ]
[ 2019-09-02T16:40:40+08:00 ] /index.php/get-token | INFO: Tag[ app_begin ] --END-- [ RunTime:0.001580s ]
