[ 2019-08-30T17:19:48+08:00 ] / | ERR: (ThinkException) 无法加载模块Index
[ 2019-08-30T17:20:02+08:00 ] / | INFO: Tag[ app_begin ] --START--
[ 2019-08-30T17:20:02+08:00 ] / | INFO: Run ReadHtmlCache Behavior [ RunTime:0.001118s ]
[ 2019-08-30T17:20:02+08:00 ] / | INFO: Tag[ app_begin ] --END-- [ RunTime:0.001218s ]
[ 2019-08-30T17:20:16+08:00 ] / | ERR: (ThinkException) 无法加载模块Index
[ 2019-08-30T17:20:23+08:00 ] / | ERR: (ThinkException) 无法加载模块Index
[ 2019-08-30T17:20:27+08:00 ] / | ERR: (ThinkException) 无法加载模块Index
[ 2019-08-30T17:20:32+08:00 ] / | ERR: (ThinkException) 无法加载模块Index
[ 2019-08-30T17:20:35+08:00 ] / | INFO: Tag[ app_begin ] --START--
[ 2019-08-30T17:20:35+08:00 ] / | INFO: Run ReadHtmlCache Behavior [ RunTime:0.000529s ]
[ 2019-08-30T17:20:35+08:00 ] / | INFO: Tag[ app_begin ] --END-- [ RunTime:0.000611s ]
[ 2019-08-30T17:20:47+08:00 ] / | INFO: Tag[ app_begin ] --START--
[ 2019-08-30T17:20:47+08:00 ] / | INFO: Run ReadHtmlCache Behavior [ RunTime:0.000660s ]
[ 2019-08-30T17:20:47+08:00 ] / | INFO: Tag[ app_begin ] --END-- [ RunTime:0.000759s ]
[ 2019-08-30T17:20:56+08:00 ] / | INFO: Tag[ app_begin ] --START--
[ 2019-08-30T17:20:56+08:00 ] / | INFO: Run ReadHtmlCache Behavior [ RunTime:0.000584s ]
[ 2019-08-30T17:20:56+08:00 ] / | INFO: Tag[ app_begin ] --END-- [ RunTime:0.000674s ]
[ 2019-08-30T17:21:00+08:00 ] / | ERR: (ThinkException) 无法加载模块Index
[ 2019-08-30T17:53:20+08:00 ] / | INFO: Tag[ app_begin ] --START--
[ 2019-08-30T17:53:20+08:00 ] / | INFO: Run ReadHtmlCache Behavior [ RunTime:0.000954s ]
[ 2019-08-30T17:53:20+08:00 ] / | INFO: Tag[ app_begin ] --END-- [ RunTime:0.001039s ]
[ 2019-08-30T17:54:24+08:00 ] / | INFO: Tag[ app_begin ] --START--
[ 2019-08-30T17:54:24+08:00 ] / | INFO: Run ReadHtmlCache Behavior [ RunTime:0.001221s ]
[ 2019-08-30T17:54:24+08:00 ] / | INFO: Tag[ app_begin ] --END-- [ RunTime:0.001322s ]
[ 2019-08-30T17:54:57+08:00 ] / | INFO: Tag[ app_begin ] --START--
[ 2019-08-30T17:54:57+08:00 ] / | INFO: Run ReadHtmlCache Behavior [ RunTime:0.000564s ]
[ 2019-08-30T17:54:57+08:00 ] / | INFO: Tag[ app_begin ] --END-- [ RunTime:0.000655s ]
[ 2019-08-30T17:55:24+08:00 ] /index.php | INFO: Tag[ app_begin ] --START--
[ 2019-08-30T17:55:24+08:00 ] /index.php | INFO: Run ReadHtmlCache Behavior [ RunTime:0.001261s ]
[ 2019-08-30T17:55:24+08:00 ] /index.php | INFO: Tag[ app_begin ] --END-- [ RunTime:0.001377s ]
[ 2019-08-30T17:55:42+08:00 ] / | INFO: Tag[ app_begin ] --START--
[ 2019-08-30T17:55:42+08:00 ] / | INFO: Run ReadHtmlCache Behavior [ RunTime:0.000648s ]
[ 2019-08-30T17:55:42+08:00 ] / | INFO: Tag[ app_begin ] --END-- [ RunTime:0.000747s ]
[ 2019-08-30T18:13:09+08:00 ] /index.php/xx | ERR: (ThinkException) 无法加载模块xx
[ 2019-08-30T18:14:25+08:00 ] /index.php/xx | ERR: (ThinkException) 无法加载模块xx
[ 2019-08-30T18:16:16+08:00 ] /index.php/xx | ERR: (ThinkException) 无法加载模块xx
[ 2019-08-30T18:16:17+08:00 ] /index.php/xx | ERR: (ThinkException) 无法加载模块xx
[ 2019-08-30T18:19:39+08:00 ] /index.php/xx | ERR: (ThinkException) 无法加载模块xx
[ 2019-08-30T18:19:41+08:00 ] /index.php/xx | ERR: (ThinkException) 无法加载模块xx
[ 2019-08-30T18:19:45+08:00 ] /index.php/xx | ERR: (ThinkException) 无法加载模块xx
[ 2019-08-30T18:19:47+08:00 ] /index.php/xx | ERR: (ThinkException) 无法加载模块xx
[ 2019-08-30T18:20:14+08:00 ] /index.php/Api/xx | ERR: (ThinkException) 无法加载模块xx
[ 2019-08-30T18:20:26+08:00 ] /index.php/Api/xx | ERR: (ThinkException) 无法加载模块xx
[ 2019-08-30T18:20:27+08:00 ] /index.php/Api/xx | ERR: (ThinkException) 无法加载模块xx
[ 2019-08-30T18:20:28+08:00 ] /index.php/Api/xx | ERR: (ThinkException) 无法加载模块xx
[ 2019-08-30T18:20:28+08:00 ] /index.php/Api/xx | ERR: (ThinkException) 无法加载模块xx
[ 2019-08-30T18:20:28+08:00 ] /index.php/Api/xx | ERR: (ThinkException) 无法加载模块xx
[ 2019-08-30T18:20:28+08:00 ] /index.php/Api/xx | ERR: (ThinkException) 无法加载模块xx
